mode: set
gitlab.ozon.dev/qa/teachers/qa-route-256/go-unit-test/add.go:3.24,5.2 1 1
gitlab.ozon.dev/qa/teachers/qa-route-256/go-unit-test/age.go:3.24,4.12 1 1
gitlab.ozon.dev/qa/teachers/qa-route-256/go-unit-test/age.go:7.2,7.11 1 1
gitlab.ozon.dev/qa/teachers/qa-route-256/go-unit-test/age.go:10.2,10.12 1 0
gitlab.ozon.dev/qa/teachers/qa-route-256/go-unit-test/age.go:13.2,13.12 1 0
gitlab.ozon.dev/qa/teachers/qa-route-256/go-unit-test/age.go:16.2,16.25 1 0
gitlab.ozon.dev/qa/teachers/qa-route-256/go-unit-test/age.go:4.12,6.3 1 1
gitlab.ozon.dev/qa/teachers/qa-route-256/go-unit-test/age.go:7.11,9.3 1 1
gitlab.ozon.dev/qa/teachers/qa-route-256/go-unit-test/age.go:10.12,12.3 1 0
gitlab.ozon.dev/qa/teachers/qa-route-256/go-unit-test/age.go:13.12,15.3 1 0
gitlab.ozon.dev/qa/teachers/qa-route-256/go-unit-test/is_odd.go:3.25,5.2 1 0
gitlab.ozon.dev/qa/teachers/qa-route-256/go-unit-test/is_odd.go:7.25,9.2 1 0
gitlab.ozon.dev/qa/teachers/qa-route-256/go-unit-test/random.go:17.31,22.2 4 0
gitlab.ozon.dev/qa/teachers/qa-route-256/go-unit-test/random.go:24.37,26.2 1 1
gitlab.ozon.dev/qa/teachers/qa-route-256/go-unit-test/unique.go:3.36,7.26 3 0
gitlab.ozon.dev/qa/teachers/qa-route-256/go-unit-test/unique.go:13.2,13.13 1 0
gitlab.ozon.dev/qa/teachers/qa-route-256/go-unit-test/unique.go:7.26,8.33 1 0
gitlab.ozon.dev/qa/teachers/qa-route-256/go-unit-test/unique.go:8.33,11.4 2 0
gitlab.ozon.dev/qa/teachers/qa-route-256/go-unit-test/unique.go:16.36,19.37 2 1
gitlab.ozon.dev/qa/teachers/qa-route-256/go-unit-test/unique.go:31.2,31.13 1 1
gitlab.ozon.dev/qa/teachers/qa-route-256/go-unit-test/unique.go:19.37,21.26 2 1
gitlab.ozon.dev/qa/teachers/qa-route-256/go-unit-test/unique.go:27.3,27.14 1 1
gitlab.ozon.dev/qa/teachers/qa-route-256/go-unit-test/unique.go:21.26,22.34 1 1
gitlab.ozon.dev/qa/teachers/qa-route-256/go-unit-test/unique.go:22.34,24.10 2 1
gitlab.ozon.dev/qa/teachers/qa-route-256/go-unit-test/unique.go:27.14,29.4 1 1
gitlab.ozon.dev/qa/teachers/qa-route-256/go-unit-test/unique.go:34.36,37.33 3 0
gitlab.ozon.dev/qa/teachers/qa-route-256/go-unit-test/unique.go:43.2,43.13 1 0
gitlab.ozon.dev/qa/teachers/qa-route-256/go-unit-test/unique.go:37.33,38.38 1 0
gitlab.ozon.dev/qa/teachers/qa-route-256/go-unit-test/unique.go:38.38,41.4 2 0
